[EXTRACTOR] 2026-01-22 05:48:33.695139 - Entered extract_from_pdf
[EXTRACTOR] 2026-01-22 05:48:33.695587 - Opening PDF content (size: 1039542)
[EXTRACTOR] 2026-01-22 05:48:33.801714 - PDF Opened. Total pages: 102
[BRIDGE] Extracting page 1/102...
[BRIDGE] Update Success
[BRIDGE] Extracting page 11/102...
[BRIDGE] Update Success
[BRIDGE] Extracting page 21/102...
[BRIDGE] Update Success
[BRIDGE] Extracting page 31/102...
[BRIDGE] Update Success
[BRIDGE] Extracting page 41/102...
[BRIDGE] Update Success
[BRIDGE] Extracting page 51/102...
[BRIDGE] Update Success
[BRIDGE] Extracting page 61/102...
[BRIDGE] Update Success
[BRIDGE] Extracting page 71/102...
[BRIDGE] Update Success
[BRIDGE] Extracting page 81/102...
[BRIDGE] Update Success
[BRIDGE] Extracting page 91/102...
[BRIDGE] Update Success
[BRIDGE] Extracting page 101/102...
[BRIDGE] Extracting page 102/102...
[BRIDGE] Update Success
[BRIDGE] Update Success
[EXTRACTOR] 2026-01-22 06:13:22.424336 - Entered extract_from_pdf
[EXTRACTOR] 2026-01-22 06:13:22.424888 - Opening PDF content (size: 1039542)
[EXTRACTOR] 2026-01-22 06:13:22.523257 - PDF Opened. Total pages: 102
[BRIDGE] Extracting page 1/102...
[BRIDGE] Update Success
[BRIDGE] Extracting page 11/102...
[BRIDGE] Update Success
[BRIDGE] Extracting page 21/102...
[BRIDGE] Update Success
[BRIDGE] Extracting page 31/102...
[BRIDGE] Update Success
[BRIDGE] Extracting page 41/102...
[BRIDGE] Update Success
[BRIDGE] Extracting page 51/102...
[BRIDGE] Update Success
[BRIDGE] Extracting page 61/102...
[BRIDGE] Update Success
[BRIDGE] Extracting page 71/102...
[BRIDGE] Update Success
[BRIDGE] Extracting page 81/102...
[BRIDGE] Update Success
[BRIDGE] Extracting page 91/102...
[BRIDGE] Update Success
[BRIDGE] Extracting page 101/102...
[BRIDGE] Extracting page 102/102...
[BRIDGE] Update Success
[BRIDGE] Update Success
[EXTRACTOR] 2026-01-22 06:21:04.480365 - Entered extract_from_pdf
[EXTRACTOR] 2026-01-22 06:21:04.480726 - Opening PDF content (size: 1039542)
[EXTRACTOR] 2026-01-22 06:21:04.588476 - PDF Opened. Total pages: 102
[BRIDGE] Extracting page 1/102...
[BRIDGE] Update Success
[BRIDGE] Extracting page 11/102...
[BRIDGE] Update Success
[BRIDGE] Extracting page 21/102...
[BRIDGE] Update Success
[BRIDGE] Extracting page 31/102...
[BRIDGE] Update Success
[BRIDGE] Extracting page 41/102...
[BRIDGE] Update Success
[BRIDGE] Extracting page 51/102...
[BRIDGE] Update Success
[BRIDGE] Extracting page 61/102...
[BRIDGE] Update Success
[BRIDGE] Extracting page 71/102...
[BRIDGE] Update Success
[BRIDGE] Extracting page 81/102...
[BRIDGE] Update Success
[BRIDGE] Extracting page 91/102...
[BRIDGE] Update Success
[BRIDGE] Extracting page 101/102...
[BRIDGE] Extracting page 102/102...
[BRIDGE] Update Success
[BRIDGE] Update Success
[EXTRACTOR] 2026-01-22 06:22:02.885546 - Entered extract_from_pdf
[EXTRACTOR] 2026-01-22 06:22:02.885752 - Opening PDF content (size: 1039542)
[EXTRACTOR] 2026-01-22 06:22:02.967278 - PDF Opened. Total pages: 102
[BRIDGE] Extracting page 1/102...
[BRIDGE] Update Success
[BRIDGE] Extracting page 11/102...
[BRIDGE] Update Success
[BRIDGE] Extracting page 21/102...
[BRIDGE] Update Success
[BRIDGE] Extracting page 31/102...
[BRIDGE] Update Success
[BRIDGE] Extracting page 41/102...
[BRIDGE] Update Success
[BRIDGE] Extracting page 51/102...
[BRIDGE] Update Success
[BRIDGE] Extracting page 61/102...
[BRIDGE] Update Success
[BRIDGE] Extracting page 71/102...
[BRIDGE] Update Success
[BRIDGE] Extracting page 81/102...
[BRIDGE] Update Success
[BRIDGE] Extracting page 91/102...
[BRIDGE] Update Success
[BRIDGE] Extracting page 101/102...
[BRIDGE] Extracting page 102/102...
[BRIDGE] Update Success
[BRIDGE] Update Success
[EXTRACTOR] 2026-01-22 06:23:02.282232 - Entered extract_from_pdf
[EXTRACTOR] 2026-01-22 06:23:02.282870 - Opening PDF content (size: 1039542)
[EXTRACTOR] 2026-01-22 06:23:02.388755 - PDF Opened. Total pages: 102
[BRIDGE] Extracting page 1/102...
[BRIDGE] Update Success
[BRIDGE] Extracting page 11/102...
[BRIDGE] Update Success
[BRIDGE] Extracting page 21/102...
[BRIDGE] Update Success
[BRIDGE] Extracting page 31/102...
[BRIDGE] Update Success
[BRIDGE] Extracting page 41/102...
[BRIDGE] Update Success
[BRIDGE] Extracting page 51/102...
[BRIDGE] Update Success
[BRIDGE] Extracting page 61/102...
[BRIDGE] Update Success
[BRIDGE] Extracting page 71/102...
[BRIDGE] Update Success
[BRIDGE] Extracting page 81/102...
[BRIDGE] Update Success
[BRIDGE] Extracting page 91/102...
[BRIDGE] Update Success
[BRIDGE] Extracting page 101/102...
[BRIDGE] Extracting page 102/102...
[BRIDGE] Update Success
[BRIDGE] Update Success
[EXTRACTOR] 2026-01-22 06:24:02.893284 - Entered extract_from_pdf
[EXTRACTOR] 2026-01-22 06:24:02.893700 - Opening PDF content (size: 1039542)
[EXTRACTOR] 2026-01-22 06:24:02.986449 - PDF Opened. Total pages: 102
[BRIDGE] Extracting page 1/102...
[BRIDGE] Update Success
[BRIDGE] Extracting page 11/102...
[BRIDGE] Update Success
[BRIDGE] Extracting page 21/102...
[BRIDGE] Update Success
[BRIDGE] Extracting page 31/102...
[BRIDGE] Update Success
[BRIDGE] Extracting page 41/102...
[BRIDGE] Update Success
[BRIDGE] Extracting page 51/102...
[BRIDGE] Update Success
[BRIDGE] Extracting page 61/102...
[BRIDGE] Update Success
[BRIDGE] Extracting page 71/102...
[BRIDGE] Update Success
[BRIDGE] Extracting page 81/102...
[BRIDGE] Update Success
[BRIDGE] Extracting page 91/102...
[BRIDGE] Update Success
[BRIDGE] Extracting page 101/102...
[BRIDGE] Extracting page 102/102...
[BRIDGE] Update Success
[BRIDGE] Update Success
[EXTRACTOR] 2026-01-22 06:25:02.219209 - Entered extract_from_pdf
[EXTRACTOR] 2026-01-22 06:25:02.219721 - Opening PDF content (size: 1039542)
[EXTRACTOR] 2026-01-22 06:25:02.312224 - PDF Opened. Total pages: 102
[BRIDGE] Extracting page 1/102...
[BRIDGE] Update Success
[BRIDGE] Extracting page 11/102...
[BRIDGE] Update Success
[BRIDGE] Extracting page 21/102...
[BRIDGE] Update Success
[BRIDGE] Extracting page 31/102...
[BRIDGE] Update Success
[BRIDGE] Extracting page 41/102...
[BRIDGE] Update Success
[BRIDGE] Extracting page 51/102...
[BRIDGE] Update Success
[BRIDGE] Extracting page 61/102...
[BRIDGE] Update Success
[BRIDGE] Extracting page 71/102...
[BRIDGE] Update Success
[BRIDGE] Extracting page 81/102...
[BRIDGE] Update Success
[BRIDGE] Extracting page 91/102...
[BRIDGE] Update Success
[BRIDGE] Extracting page 101/102...
[BRIDGE] Extracting page 102/102...
[EXTRACTOR] 2026-01-22 06:26:02.356460 - Entered extract_from_pdf
[EXTRACTOR] 2026-01-22 06:26:02.356679 - Opening PDF content (size: 1039542)
[EXTRACTOR] 2026-01-22 06:26:02.461666 - PDF Opened. Total pages: 102
[BRIDGE] Extracting page 1/102...
[BRIDGE] Update Success
[BRIDGE] Extracting page 11/102...
[BRIDGE] Update Success
[BRIDGE] Extracting page 21/102...
[BRIDGE] Update Success
[BRIDGE] Extracting page 31/102...
[BRIDGE] Update Success
[BRIDGE] Extracting page 41/102...
[BRIDGE] Update Success
[BRIDGE] Extracting page 51/102...
[BRIDGE] Update Success
[BRIDGE] Extracting page 61/102...
[BRIDGE] Update Success
[BRIDGE] Extracting page 71/102...
[BRIDGE] Update Success
[BRIDGE] Extracting page 81/102...
[BRIDGE] Update Success
[BRIDGE] Extracting page 91/102...
[BRIDGE] Update Success
[BRIDGE] Extracting page 101/102...
[BRIDGE] Extracting page 102/102...
[BRIDGE] Update Success
[BRIDGE] Update Success
[EXTRACTOR] 2026-01-22 06:27:03.783582 - Entered extract_from_pdf
[EXTRACTOR] 2026-01-22 06:27:03.784145 - Opening PDF content (size: 1039542)
[EXTRACTOR] 2026-01-22 06:27:03.880725 - PDF Opened. Total pages: 102
[BRIDGE] Extracting page 1/102...
[BRIDGE] Update Success
[BRIDGE] Extracting page 11/102...
[BRIDGE] Update Success
[BRIDGE] Extracting page 21/102...
[BRIDGE] Update Success
[BRIDGE] Extracting page 31/102...
[BRIDGE] Update Success
[BRIDGE] Extracting page 41/102...
[BRIDGE] Update Success
[BRIDGE] Extracting page 51/102...
[BRIDGE] Update Success
[BRIDGE] Extracting page 61/102...
[BRIDGE] Update Success
[BRIDGE] Extracting page 71/102...
[BRIDGE] Update Success
[BRIDGE] Extracting page 81/102...
[BRIDGE] Update Success
[BRIDGE] Extracting page 91/102...
[BRIDGE] Update Success
[BRIDGE] Extracting page 101/102...
[BRIDGE] Extracting page 102/102...
[BRIDGE] Update Success
[BRIDGE] Update Success
