[2026-01-22 00:15:57.173449] Scheduler started
[2026-01-22 00:15:57.173826] Heartbeat job added
[2026-01-22 00:15:57.173866] Loading scheduled jobs from database...
[2026-01-22 00:15:57.205185] Successfully scheduled job for doc 2a145025-0f23-4cd5-8c88-dc1d3b039b3f with schedule '0 0 * * 0'
[2026-01-22 00:15:57.205265] Job 2a145025-0f23-4cd5-8c88-dc1d3b039b3f confirmed. Next run: 2026-01-26 00:00:00-06:00
[2026-01-22 00:15:57.205431] Successfully scheduled job for doc cd1a947a-4254-4ce0-a2ae-2cbe27f64c9f with schedule '0 0 * * 0'
[2026-01-22 00:15:57.205464] Job cd1a947a-4254-4ce0-a2ae-2cbe27f64c9f confirmed. Next run: 2026-01-26 00:00:00-06:00
[2026-01-22 00:15:57.205585] Successfully scheduled job for doc 24ebe71f-e83f-4e2d-867d-e1c37e37f636 with schedule '* * * * *'
[2026-01-22 00:15:57.205615] Job 24ebe71f-e83f-4e2d-867d-e1c37e37f636 confirmed. Next run: 2026-01-22 00:16:00-06:00
[2026-01-22 00:15:57.205648] Loaded 3 scheduled jobs.
[2026-01-22 00:16:00.003270] Triggering scheduled pipeline for doc 24ebe71f-e83f-4e2d-867d-e1c37e37f636
[2026-01-22 00:16:00.004376] Generated Execution ID: d75de4bd-36fa-4e9b-a0cc-0c90d82876be
[2026-01-22 00:16:26.700865] Scheduler started
[2026-01-22 00:16:26.701138] Heartbeat job added
[2026-01-22 00:16:26.701204] Loading scheduled jobs from database...
[2026-01-22 00:16:26.742612] Successfully scheduled job for doc 2a145025-0f23-4cd5-8c88-dc1d3b039b3f with schedule '0 0 * * 0'
[2026-01-22 00:16:26.742712] Job 2a145025-0f23-4cd5-8c88-dc1d3b039b3f confirmed. Next run: 2026-01-26 00:00:00-06:00
[2026-01-22 00:16:26.742908] Successfully scheduled job for doc cd1a947a-4254-4ce0-a2ae-2cbe27f64c9f with schedule '0 0 * * 0'
[2026-01-22 00:16:26.742946] Job cd1a947a-4254-4ce0-a2ae-2cbe27f64c9f confirmed. Next run: 2026-01-26 00:00:00-06:00
[2026-01-22 00:16:26.743081] Successfully scheduled job for doc 24ebe71f-e83f-4e2d-867d-e1c37e37f636 with schedule '* * * * *'
[2026-01-22 00:16:26.743113] Job 24ebe71f-e83f-4e2d-867d-e1c37e37f636 confirmed. Next run: 2026-01-22 00:17:00-06:00
[2026-01-22 00:16:26.743156] Loaded 3 scheduled jobs.
[2026-01-22 00:16:27.441885] Scheduler started
[2026-01-22 00:16:27.442171] Heartbeat job added
[2026-01-22 00:16:58.986236] Scheduler started
[2026-01-22 00:16:58.986497] Heartbeat job added
[2026-01-22 00:16:58.986602] Loading scheduled jobs from database...
[2026-01-22 00:16:59.024950] Successfully scheduled job for doc 2a145025-0f23-4cd5-8c88-dc1d3b039b3f with schedule '0 0 * * 0'
[2026-01-22 00:16:59.025038] Job 2a145025-0f23-4cd5-8c88-dc1d3b039b3f confirmed. Next run: 2026-01-26 00:00:00-06:00
[2026-01-22 00:16:59.025201] Successfully scheduled job for doc cd1a947a-4254-4ce0-a2ae-2cbe27f64c9f with schedule '0 0 * * 0'
[2026-01-22 00:16:59.025238] Job cd1a947a-4254-4ce0-a2ae-2cbe27f64c9f confirmed. Next run: 2026-01-26 00:00:00-06:00
[2026-01-22 00:16:59.025349] Successfully scheduled job for doc 24ebe71f-e83f-4e2d-867d-e1c37e37f636 with schedule '* * * * *'
[2026-01-22 00:16:59.025380] Job 24ebe71f-e83f-4e2d-867d-e1c37e37f636 confirmed. Next run: 2026-01-22 00:17:00-06:00
[2026-01-22 00:16:59.025413] Loaded 3 scheduled jobs.
[2026-01-22 00:17:00.003087] Triggering scheduled pipeline for doc 24ebe71f-e83f-4e2d-867d-e1c37e37f636
[2026-01-22 00:17:00.003620] Generated Execution ID: f0d231f1-ad59-482f-a748-3e964f074bdb
[2026-01-22 00:17:27.444104] Heartbeat: Alive
[2026-01-22 00:20:21.723222] Scheduler started
[2026-01-22 00:20:21.723542] Heartbeat job added
[2026-01-22 00:20:21.723597] Loading scheduled jobs from database...
[2026-01-22 00:20:21.762061] Successfully scheduled job for doc 2a145025-0f23-4cd5-8c88-dc1d3b039b3f with schedule '0 0 * * 0'
[2026-01-22 00:20:21.762176] Job 2a145025-0f23-4cd5-8c88-dc1d3b039b3f confirmed. Next run: 2026-01-26 00:00:00-06:00
[2026-01-22 00:20:21.762371] Successfully scheduled job for doc cd1a947a-4254-4ce0-a2ae-2cbe27f64c9f with schedule '0 0 * * 0'
[2026-01-22 00:20:21.762412] Job cd1a947a-4254-4ce0-a2ae-2cbe27f64c9f confirmed. Next run: 2026-01-26 00:00:00-06:00
[2026-01-22 00:20:21.762542] Successfully scheduled job for doc 24ebe71f-e83f-4e2d-867d-e1c37e37f636 with schedule '* * * * *'
[2026-01-22 00:20:21.762620] Job 24ebe71f-e83f-4e2d-867d-e1c37e37f636 confirmed. Next run: 2026-01-22 00:21:00-06:00
[2026-01-22 00:20:21.762661] Loaded 3 scheduled jobs.
[2026-01-22 00:21:00.002601] Triggering scheduled pipeline for doc 24ebe71f-e83f-4e2d-867d-e1c37e37f636
[2026-01-22 00:21:00.003354] Generated Execution ID: d53269fa-8960-48b8-8bd5-37bb235beb48
[2026-01-22 00:21:21.725951] Heartbeat: Alive
[2026-01-22 00:22:00.006066] Triggering scheduled pipeline for doc 24ebe71f-e83f-4e2d-867d-e1c37e37f636
[2026-01-22 00:22:00.006401] Generated Execution ID: 02a370f5-c9a8-4b16-87f6-bc5118149f21
